ll -O0 -std=c++11 main.cpp UI.cpp graphics.cpp plane.cpp map.cpp
In file included from plane.hpp:4:0,
                 from all.hpp:5,
                 from main.cpp:1:
graphics.hpp:32:2: error: multiple types in one declaration
 };
  ^
graphics.hpp:51:28: error: ‘vector’ does not name a type
     Vector operator+(const vector& v);
                            ^
graphics.hpp:52:30: error: ‘vector’ does not name a type
     Vector& operator+=(const vector& v);
                              ^
graphics.hpp:53:28: error: ‘vector’ does not name a type
     Vector operator-(const vector& v);
                            ^
graphics.hpp:54:30: error: ‘vector’ does not name a type
     Vector& operator-=(const vector& v);
                              ^
graphics.hpp:58:24: error: ‘vector’ does not name a type
     Vector cross(const vector& v);
                        ^
graphics.hpp: In constructor ‘Vector::Vector(double, double, double)’:
graphics.hpp:48:59: error: expected ‘{’ at end of input
     Vector(double a, double b, double c) : i(a), j(b), k(c);
                                                           ^
graphics.hpp: In member function ‘Point Ray::operator()(double)’:
graphics.hpp:80:51: error: no match for ‘operator*’ (operand types are ‘double’ and ‘Vector’)
     Point operator()(double u) {return origin + u * direction;}
                                                   ^
In file included from plane.hpp:4:0,
                 from all.hpp:5,
                 from main.cpp:1:
graphics.hpp: At global scope:
graphics.hpp:137:19: error: ‘vector’ does not name a type
     Polygon(const vector<Point>&, const Color& fc = black);
                   ^
graphics.hpp:137:25: error: expected ‘,’ or ‘...’ before ‘<’ token
     Polygon(const vector<Point>&, const Color& fc = black);
                         ^
graphics.hpp:140:5: error: ‘vector’ does not name a type
     vector<Point> Points;
     ^
graphics.hpp:147:21: error: expected ‘)’ before ‘<’ token
     Wireframe(vector<Shape*> s) : shapes(s);
                     ^
graphics.hpp:149:5: error: ‘vector’ does not name a type
     vector<Shape*> shapes;
     ^
graphics.hpp:151:1: error: expected ‘;’ after class definition
 }
 ^
In file included from all.hpp:5:0,
                 from main.cpp:1:
plane.hpp:42:5: error: ‘point’ does not name a type
     point location;
     ^
plane.hpp:43:5: error: ‘image’ does not name a type
     image looks;
     ^
In file included from all.hpp:5:0,
                 from main.cpp:1:
plane.hpp: In constructor ‘plane::plane(Wireframe, Point, float, float, float, float, float, float)’:
plane.hpp:8:127: error: class ‘plane’ does not have any field named ‘looks’
     plane(Wireframe i, Point l, float maxPower, float aSize, float eSize, float rSize, float cSection, float rcSection = 0) : looks(i), angleOfAttack(0), thrustPercent(0),
                                                                                                                               ^
In file included from all.hpp:5:0,
                 from main.cpp:1:
plane.hpp:8:332: error: class ‘plane’ does not have any field named ‘crosSection’
  maxThrust(maxPower), bankAngle(0), altitude(0), aileronSize(aSize), elevatorSize(eSize), rudderSize(rSize), aileronAngle(0), elevatorAngle(0), rudderAngle(0), crosSection
                                                                                                                                                                 ^
plane.hpp:8:430: error: ‘location’ was not declared in this scope
  rudderSize(rSize), aileronAngle(0), elevatorAngle(0), rudderAngle(0), crosSection(cSection), radarCrossSection(((rcSection == 0) ? (cSection) : (rcSection)), location(l);
                                                                                                                                                                          ^
plane.hpp:33:11: warning: ‘plane::thrustPercent’ will be initialized after [-Wreorder]
     float thrustPercent;
           ^
plane.hpp:32:11: warning:   ‘float plane::maxThrust’ [-Wreorder]
     float maxThrust;
           ^
In file included from all.hpp:5:0,
                 from main.cpp:1:
plane.hpp:8:5: warning:   when initialized here [-Wreorder]
     plane(Wireframe i, Point l, float maxPower, float aSize, float eSize, float rSize, float cSection, float rcSection = 0) : looks(i), angleOfAttack(0), thrustPercent(0),
     ^
In file included from all.hpp:5:0,
                 from main.cpp:1:
plane.hpp:32:11: warning: ‘plane::maxThrust’ will be initialized after [-Wreorder]
     float maxThrust;
           ^
plane.hpp:17:11: warning:   ‘float plane::bankAngle’ [-Wreorder]
     float bankAngle;
           ^
In file included from all.hpp:5:0,
                 from main.cpp:1:
plane.hpp:8:5: warning:   when initialized here [-Wreorder]
     plane(Wireframe i, Point l, float maxPower, float aSize, float eSize, float rSize, float cSection, float rcSection = 0) : looks(i), angleOfAttack(0), thrustPercent(0),
     ^
In file included from all.hpp:5:0,
                 from main.cpp:1:
plane.hpp:8:430: error: expected ‘{’ at end of input
  rudderSize(rSize), aileronAngle(0), elevatorAngle(0), rudderAngle(0), crosSection(cSection), radarCrossSection(((rcSection == 0) ? (cSection) : (rcSection)), location(l);
                                                                                                                                                                          ^
In file included from UI.hpp:5:0,
                 from UI.cpp:1:
graphics.hpp:32:2: error: multiple types in one declaration
 };
  ^
graphics.hpp:51:28: error: invalid use of template-name ‘std::vector’ without an argument list
     Vector operator+(const vector& v);
                            ^
graphics.hpp:52:30: error: invalid use of template-name ‘std::vector’ without an argument list
     Vector& operator+=(const vector& v);
                              ^
graphics.hpp:53:28: error: invalid use of template-name ‘std::vector’ without an argument list
     Vector operator-(const vector& v);
                            ^
graphics.hpp:54:30: error: invalid use of template-name ‘std::vector’ without an argument list
     Vector& operator-=(const vector& v);
                              ^
graphics.hpp:58:24: error: invalid use of template-name ‘std::vector’ without an argument list
     Vector cross(const vector& v);
                        ^
graphics.hpp: In constructor ‘Vector::Vector(double, double, double)’:
graphics.hpp:48:59: error: expected ‘{’ at end of input
     Vector(double a, double b, double c) : i(a), j(b), k(c);
                                                           ^
graphics.hpp: In member function ‘Point Ray::operator()(double)’:
graphics.hpp:80:51: error: no match for ‘operator*’ (operand types are ‘double’ and ‘Vector’)
     Point operator()(double u) {return origin + u * direction;}
                                                   ^
In file included from UI.hpp:5:0,
                 from UI.cpp:1:
graphics.hpp: At global scope:
graphics.hpp:151:1: error: expected ‘;’ after class definition
 }
 ^
graphics.hpp: In constructor ‘Wireframe::Wireframe(std::vector<Shape*>)’:
graphics.hpp:147:43: error: expected ‘{’ at end of input
     Wireframe(vector<Shape*> s) : shapes(s);
                                           ^
UI.cpp: In member function ‘void UIHandler::draw(const Rectangle&)’:
UI.cpp:12:3: error: ‘point’ was not declared in this scope
   point topLeft = r.tl;
   ^
UI.cpp:13:9: error: expected ‘;’ before ‘bottomRight’
   point bottomRight = r.br;
         ^
UI.cpp:14:15: error: ‘bottomRight’ was not declared in this scope
   int width = bottomRight.x - topLeft.x;
               ^
UI.cpp:14:31: error: ‘topLeft’ was not declared in this scope
   int width = bottomRight.x - topLeft.x;
                               ^
UI.cpp:14:7: warning: unused variable ‘width’ [-Wunused-variable]
   int width = bottomRight.x - topLeft.x;
       ^
UI.cpp:15:7: warning: unused variable ‘height’ [-Wunused-variable]
   int height = topLeft.y - bottomRight.y;
       ^
UI.cpp: In member function ‘void UIHandler::draw(const Polygon&)’:
UI.cpp:18:9: error: ‘const class Polygon’ has no member named ‘points’
   if (p.points.size() < 2) {
         ^
UI.cpp:21:25: error: ‘const class Polygon’ has no member named ‘points’
   for (int j = 0; j < p.points.size()-1; j++) {
                         ^
UI.cpp:22:18: error: ‘const class Polygon’ has no member named ‘points’
     renderLine(p.points[j].x, p.points[j].y, p.points[j+1].x, p.points[j+1].y);
                  ^
UI.cpp:22:33: error: ‘const class Polygon’ has no member named ‘points’
     renderLine(p.points[j].x, p.points[j].y, p.points[j+1].x, p.points[j+1].y);
                                 ^
UI.cpp:22:48: error: ‘const class Polygon’ has no member named ‘points’
     renderLine(p.points[j].x, p.points[j].y, p.points[j+1].x, p.points[j+1].y);
                                                ^
UI.cpp:22:65: error: ‘const class Polygon’ has no member named ‘points’
     renderLine(p.points[j].x, p.points[j].y, p.points[j+1].x, p.points[j+1].y);
                                                                 ^
In file included from graphics.cpp:2:0:
graphics.hpp:32:2: error: multiple types in one declaration
 };
  ^
graphics.hpp:51:28: error: invalid use of template-name ‘std::vector’ without an argument list
     Vector operator+(const vector& v);
                            ^
graphics.hpp:52:30: error: invalid use of template-name ‘std::vector’ without an argument list
     Vector& operator+=(const vector& v);
                              ^
graphics.hpp:53:28: error: invalid use of template-name ‘std::vector’ without an argument list
     Vector operator-(const vector& v);
                            ^
graphics.hpp:54:30: error: invalid use of template-name ‘std::vector’ without an argument list
     Vector& operator-=(const vector& v);
                              ^
graphics.hpp:58:24: error: invalid use of template-name ‘std::vector’ without an argument list
     Vector cross(const vector& v);
                        ^
graphics.hpp: In constructor ‘Vector::Vector(double, double, double)’:
graphics.hpp:48:59: error: expected ‘{’ at end of input
     Vector(double a, double b, double c) : i(a), j(b), k(c);
                                                           ^
graphics.hpp: In member function ‘Point Ray::operator()(double)’:
graphics.hpp:80:51: error: no match for ‘operator*’ (operand types are ‘double’ and ‘Vector’)
     Point operator()(double u) {return origin + u * direction;}
                                                   ^
In file included from graphics.cpp:2:0:
graphics.hpp: At global scope:
graphics.hpp:151:1: error: expected ‘;’ after class definition
 }
 ^
graphics.hpp: In constructor ‘Wireframe::Wireframe(std::vector<Shape*>)’:
graphics.hpp:147:43: error: expected ‘{’ at end of input
     Wireframe(vector<Shape*> s) : shapes(s);
                                           ^
graphics.cpp: At global scope:
graphics.cpp:17:30: error: ‘point’ does not name a type
 double Point::distance(const point& p) {
                              ^
graphics.cpp:17:8: error: prototype for ‘double Point::distance(const int&)’ does not match any in class ‘Point’
 double Point::distance(const point& p) {
        ^
In file included from graphics.cpp:2:0:
graphics.hpp:26:12: error: candidate is: double Point::distance(const Point&)
     double distance(const Point&);
            ^
graphics.cpp:21:32: error: invalid use of template-name ‘std::vector’ without an argument list
 Vector Vector::operator+(const vector& v) {
                                ^
graphics.cpp: In member function ‘Vector Vector::operator+(const int&)’:
graphics.cpp:22:23: error: request for member ‘i’ in ‘v’, which is of non-class type ‘const int’
   return Vector(i + v.i, j + v.j, k + v.k);
                       ^
graphics.cpp:22:32: error: request for member ‘j’ in ‘v’, which is of non-class type ‘const int’
   return Vector(i + v.i, j + v.j, k + v.k);
                                ^
graphics.cpp:22:41: error: request for member ‘k’ in ‘v’, which is of non-class type ‘const int’
   return Vector(i + v.i, j + v.j, k + v.k);
                                         ^
graphics.cpp: At global scope:
graphics.cpp:24:9: error: prototype for ‘Vector& Vector::operator+=(const Vector&)’ does not match any in class ‘Vector’
 Vector& Vector::operator+=(const Vector& v) {
         ^
In file included from graphics.cpp:2:0:
graphics.hpp:52:13: error: candidate is: Vector& Vector::operator+=(const int&)
     Vector& operator+=(const vector& v);
             ^
graphics.cpp:30:32: error: invalid use of template-name ‘std::vector’ without an argument list
 Vector Vector::operator-(const vector& v) {
                                ^
graphics.cpp: In member function ‘Vector Vector::operator-(const int&)’:
graphics.cpp:31:23: error: request for member ‘i’ in ‘v’, which is of non-class type ‘const int’
   return Vector(i - v.i, j - v.j, k - v.k);
                       ^
graphics.cpp:31:32: error: request for member ‘j’ in ‘v’, which is of non-class type ‘const int’
   return Vector(i - v.i, j - v.j, k - v.k);
                                ^
graphics.cpp:31:41: error: request for member ‘k’ in ‘v’, which is of non-class type ‘const int’
   return Vector(i - v.i, j - v.j, k - v.k);
                                         ^
graphics.cpp: At global scope:
graphics.cpp:33:9: error: prototype for ‘Vector& Vector::operator-=(const Vector&)’ does not match any in class ‘Vector’
 Vector& Vector::operator-=(const Vector& v) {
         ^
In file included from graphics.cpp:2:0:
graphics.hpp:54:13: error: candidate is: Vector& Vector::operator-=(const int&)
     Vector& operator-=(const vector& v);
             ^
graphics.cpp:45:8: error: prototype for ‘Vector Vector::cross(const Vector&)’ does not match any in class ‘Vector’
 Vector Vector::cross(const Vector& v) {
        ^
In file included from graphics.cpp:2:0:
graphics.hpp:58:12: error: candidate is: Vector Vector::cross(const int&)
     Vector cross(const vector& v);
            ^
graphics.cpp: In constructor ‘Plane::Plane(Point, Point, Point)’:
graphics.cpp:59:17: error: no match for ‘operator-’ (operand types are ‘Point’ and ‘Point’)
   Vector n = (b - a).cross(c - a);
                 ^
In file included from /usr/include/c++/5/bits/stl_algobase.h:67:0,
                 from /usr/include/c++/5/bits/char_traits.h:39,
                 from /usr/include/c++/5/ios:40,
                 from /usr/include/c++/5/ostream:38,
                 from /usr/include/c++/5/iostream:39,
                 from include.hpp:4,
                 from graphics.cpp:1:
/usr/include/c++/5/bits/stl_iterator.h:328:5: note: candidate: template<class _Iterator> typename std::reverse_iterator<_Iterator>::difference_type std::operator-(const std::reverse_iterator<_Iterator>&, const std::reverse_iterator<_Iterator>&)
     operator-(const reverse_iterator<_Iterator>& __x,
     ^
/usr/include/c++/5/bits/stl_iterator.h:328:5: note:   template argument deduction/substitution failed:
graphics.cpp:59:19: note:   ‘Point’ is not derived from ‘const std::reverse_iterator<_Iterator>’
   Vector n = (b - a).cross(c - a);
                   ^
In file included from /usr/include/c++/5/bits/stl_algobase.h:67:0,
                 from /usr/include/c++/5/bits/char_traits.h:39,
                 from /usr/include/c++/5/ios:40,
                 from /usr/include/c++/5/ostream:38,
                 from /usr/include/c++/5/iostream:39,
                 from include.hpp:4,
                 from graphics.cpp:1:
/usr/include/c++/5/bits/stl_iterator.h:380:5: note: candidate: template<class _IteratorL, class _IteratorR> decltype ((__y.base() - __x.base())) std::operator-(const std::reverse_iterator<_Iterator>&, const std::reverse_iterator<_IteratorR>&)
     operator-(const reverse_iterator<_IteratorL>& __x,
     ^
/usr/include/c++/5/bits/stl_iterator.h:380:5: note:   template argument deduction/substitution failed:
graphics.cpp:59:19: note:   ‘Point’ is not derived from ‘const std::reverse_iterator<_Iterator>’
   Vector n = (b - a).cross(c - a);
                   ^
In file included from /usr/include/c++/5/bits/stl_algobase.h:67:0,
                 from /usr/include/c++/5/bits/char_traits.h:39,
                 from /usr/include/c++/5/ios:40,
                 from /usr/include/c++/5/ostream:38,
                 from /usr/include/c++/5/iostream:39,
                 from include.hpp:4,
                 from graphics.cpp:1:
/usr/include/c++/5/bits/stl_iterator.h:1138:5: note: candidate: template<class _IteratorL, class _IteratorR> decltype ((__x.base() - __y.base())) std::operator-(const std::move_iterator<_Iterator>&, const std::move_iterator<_IteratorR>&)
     operator-(const move_iterator<_IteratorL>& __x,
     ^
/usr/include/c++/5/bits/stl_iterator.h:1138:5: note:   template argument deduction/substitution failed:
graphics.cpp:59:19: note:   ‘Point’ is not derived from ‘const std::move_iterator<_Iterator>’
   Vector n = (b - a).cross(c - a);
                   ^
In file included from /usr/include/c++/5/bits/stl_algobase.h:67:0,
                 from /usr/include/c++/5/bits/char_traits.h:39,
                 from /usr/include/c++/5/ios:40,
                 from /usr/include/c++/5/ostream:38,
                 from /usr/include/c++/5/iostream:39,
                 from include.hpp:4,
                 from graphics.cpp:1:
/usr/include/c++/5/bits/stl_iterator.h:1145:5: note: candidate: template<class _Iterator> decltype ((__x.base() - __y.base())) std::operator-(const std::move_iterator<_Iterator>&, const std::move_iterator<_Iterator>&)
     operator-(const move_iterator<_Iterator>& __x,
     ^
/usr/include/c++/5/bits/stl_iterator.h:1145:5: note:   template argument deduction/substitution failed:
graphics.cpp:59:19: note:   ‘Point’ is not derived from ‘const std::move_iterator<_Iterator>’
   Vector n = (b - a).cross(c - a);
                   ^
In file included from /usr/include/c++/5/vector:65:0,
                 from include.hpp:6,
                 from graphics.cpp:1:
/usr/include/c++/5/bits/stl_bvector.h:208:3: note: candidate: std::ptrdiff_t std::operator-(const std::_Bit_iterator_base&, const std::_Bit_iterator_base&)
   operator-(const _Bit_iterator_base& __x, const _Bit_iterator_base& __y)
   ^
/usr/include/c++/5/bits/stl_bvector.h:208:3: note:   no known conversion for argument 1 from ‘Point’ to ‘const std::_Bit_iterator_base&’
graphics.cpp:59:30: error: no match for ‘operator-’ (operand types are ‘Point’ and ‘Point’)
   Vector n = (b - a).cross(c - a);
                              ^
In file included from /usr/include/c++/5/bits/stl_algobase.h:67:0,
                 from /usr/include/c++/5/bits/char_traits.h:39,
                 from /usr/include/c++/5/ios:40,
                 from /usr/include/c++/5/ostream:38,
                 from /usr/include/c++/5/iostream:39,
                 from include.hpp:4,
                 from graphics.cpp:1:
/usr/include/c++/5/bits/stl_iterator.h:328:5: note: candidate: template<class _Iterator> typename std::reverse_iterator<_Iterator>::difference_type std::operator-(const std::reverse_iterator<_Iterator>&, const std::reverse_iterator<_Iterator>&)
     operator-(const reverse_iterator<_Iterator>& __x,
     ^
/usr/include/c++/5/bits/stl_iterator.h:328:5: note:   template argument deduction/substitution failed:
graphics.cpp:59:32: note:   ‘Point’ is not derived from ‘const std::reverse_iterator<_Iterator>’
   Vector n = (b - a).cross(c - a);
                                ^
In file included from /usr/include/c++/5/bits/stl_algobase.h:67:0,
                 from /usr/include/c++/5/bits/char_traits.h:39,
                 from /usr/include/c++/5/ios:40,
                 from /usr/include/c++/5/ostream:38,
                 from /usr/include/c++/5/iostream:39,
                 from include.hpp:4,
                 from graphics.cpp:1:
/usr/include/c++/5/bits/stl_iterator.h:380:5: note: candidate: template<class _IteratorL, class _IteratorR> decltype ((__y.base() - __x.base())) std::operator-(const std::reverse_iterator<_Iterator>&, const std::reverse_iterator<_IteratorR>&)
     operator-(const reverse_iterator<_IteratorL>& __x,
     ^
/usr/include/c++/5/bits/stl_iterator.h:380:5: note:   template argument deduction/substitution failed:
graphics.cpp:59:32: note:   ‘Point’ is not derived from ‘const std::reverse_iterator<_Iterator>’
   Vector n = (b - a).cross(c - a);
                                ^
In file included from /usr/include/c++/5/bits/stl_algobase.h:67:0,
                 from /usr/include/c++/5/bits/char_traits.h:39,
                 from /usr/include/c++/5/ios:40,
                 from /usr/include/c++/5/ostream:38,
                 from /usr/include/c++/5/iostream:39,
                 from include.hpp:4,
                 from graphics.cpp:1:
/usr/include/c++/5/bits/stl_iterator.h:1138:5: note: candidate: template<class _IteratorL, class _IteratorR> decltype ((__x.base() - __y.base())) std::operator-(const std::move_iterator<_Iterator>&, const std::move_iterator<_IteratorR>&)
     operator-(const move_iterator<_IteratorL>& __x,
     ^
/usr/include/c++/5/bits/stl_iterator.h:1138:5: note:   template argument deduction/substitution failed:
graphics.cpp:59:32: note:   ‘Point’ is not derived from ‘const std::move_iterator<_Iterator>’
   Vector n = (b - a).cross(c - a);
                                ^
In file included from /usr/include/c++/5/bits/stl_algobase.h:67:0,
                 from /usr/include/c++/5/bits/char_traits.h:39,
                 from /usr/include/c++/5/ios:40,
                 from /usr/include/c++/5/ostream:38,
                 from /usr/include/c++/5/iostream:39,
                 from include.hpp:4,
                 from graphics.cpp:1:
/usr/include/c++/5/bits/stl_iterator.h:1145:5: note: candidate: template<class _Iterator> decltype ((__x.base() - __y.base())) std::operator-(const std::move_iterator<_Iterator>&, const std::move_iterator<_Iterator>&)
     operator-(const move_iterator<_Iterator>& __x,
     ^
/usr/include/c++/5/bits/stl_iterator.h:1145:5: note:   template argument deduction/substitution failed:
graphics.cpp:59:32: note:   ‘Point’ is not derived from ‘const std::move_iterator<_Iterator>’
   Vector n = (b - a).cross(c - a);
                                ^
In file included from /usr/include/c++/5/vector:65:0,
                 from include.hpp:6,
                 from graphics.cpp:1:
/usr/include/c++/5/bits/stl_bvector.h:208:3: note: candidate: std::ptrdiff_t std::operator-(const std::_Bit_iterator_base&, const std::_Bit_iterator_base&)
   operator-(const _Bit_iterator_base& __x, const _Bit_iterator_base& __y)
   ^
/usr/include/c++/5/bits/stl_bvector.h:208:3: note:   no known conversion for argument 1 from ‘Point’ to ‘const std::_Bit_iterator_base&’
graphics.cpp:60:5: error: no match for ‘operator=’ (operand types are ‘Point’ and ‘double’)
   a = n.i;
     ^
In file included from graphics.cpp:2:0:
graphics.hpp:20:7: note: candidate: Point& Point::operator=(const Point&)
 class Point {
       ^
graphics.hpp:20:7: note:   no known conversion for argument 1 from ‘double’ to ‘const Point&’
graphics.cpp:61:5: error: no match for ‘operator=’ (operand types are ‘Point’ and ‘double’)
   b = n.j;
     ^
In file included from graphics.cpp:2:0:
graphics.hpp:20:7: note: candidate: Point& Point::operator=(const Point&)
 class Point {
       ^
graphics.hpp:20:7: note:   no known conversion for argument 1 from ‘double’ to ‘const Point&’
graphics.cpp:62:5: error: no match for ‘operator=’ (operand types are ‘Point’ and ‘double’)
   c = n.k;
     ^
In file included from graphics.cpp:2:0:
graphics.hpp:20:7: note: candidate: Point& Point::operator=(const Point&)
 class Point {
       ^
graphics.hpp:20:7: note:   no known conversion for argument 1 from ‘double’ to ‘const Point&’
graphics.cpp:63:16: error: ‘p1’ was not declared in this scope
   d = -(Vector(p1).dot(n));
                ^
In file included from plane.hpp:4:0,
                 from plane.cpp:1:
graphics.hpp:32:2: error: multiple types in one declaration
 };
  ^
graphics.hpp:51:28: error: invalid use of template-name ‘std::vector’ without an argument list
     Vector operator+(const vector& v);
                            ^
graphics.hpp:52:30: error: invalid use of template-name ‘std::vector’ without an argument list
     Vector& operator+=(const vector& v);
                              ^
graphics.hpp:53:28: error: invalid use of template-name ‘std::vector’ without an argument list
     Vector operator-(const vector& v);
                            ^
graphics.hpp:54:30: error: invalid use of template-name ‘std::vector’ without an argument list
     Vector& operator-=(const vector& v);
                              ^
graphics.hpp:58:24: error: invalid use of template-name ‘std::vector’ without an argument list
     Vector cross(const vector& v);
                        ^
graphics.hpp: In constructor ‘Vector::Vector(double, double, double)’:
graphics.hpp:48:59: error: expected ‘{’ at end of input
     Vector(double a, double b, double c) : i(a), j(b), k(c);
                                                           ^
graphics.hpp: In member function ‘Point Ray::operator()(double)’:
graphics.hpp:80:51: error: no match for ‘operator*’ (operand types are ‘double’ and ‘Vector’)
     Point operator()(double u) {return origin + u * direction;}
                                                   ^
In file included from plane.hpp:4:0,
                 from plane.cpp:1:
graphics.hpp: At global scope:
graphics.hpp:151:1: error: expected ‘;’ after class definition
 }
 ^
graphics.hpp: In constructor ‘Wireframe::Wireframe(std::vector<Shape*>)’:
graphics.hpp:147:43: error: expected ‘{’ at end of input
     Wireframe(vector<Shape*> s) : shapes(s);
                                           ^
In file included from plane.cpp:1:0:
plane.hpp: At global scope:
plane.hpp:42:5: error: ‘point’ does not name a type
     point location;
     ^
plane.hpp:43:5: error: ‘image’ does not name a type
     image looks;
     ^
In file included from plane.cpp:1:0:
plane.hpp: In constructor ‘plane::plane(Wireframe, Point, float, float, float, float, float, float)’:
plane.hpp:8:127: error: class ‘plane’ does not have any field named ‘looks’
     plane(Wireframe i, Point l, float maxPower, float aSize, float eSize, float rSize, float cSection, float rcSection = 0) : looks(i), angleOfAttack(0), thrustPercent(0),
                                                                                                                               ^
In file included from plane.cpp:1:0:
plane.hpp:8:332: error: class ‘plane’ does not have any field named ‘crosSection’
  maxThrust(maxPower), bankAngle(0), altitude(0), aileronSize(aSize), elevatorSize(eSize), rudderSize(rSize), aileronAngle(0), elevatorAngle(0), rudderAngle(0), crosSection
                                                                                                                                                                 ^
plane.hpp:8:430: error: ‘location’ was not declared in this scope
  rudderSize(rSize), aileronAngle(0), elevatorAngle(0), rudderAngle(0), crosSection(cSection), radarCrossSection(((rcSection == 0) ? (cSection) : (rcSection)), location(l);
                                                                                                                                                                          ^
plane.hpp:33:11: warning: ‘plane::thrustPercent’ will be initialized after [-Wreorder]
     float thrustPercent;
           ^
plane.hpp:32:11: warning:   ‘float plane::maxThrust’ [-Wreorder]
     float maxThrust;
           ^
In file included from plane.cpp:1:0:
plane.hpp:8:5: warning:   when initialized here [-Wreorder]
     plane(Wireframe i, Point l, float maxPower, float aSize, float eSize, float rSize, float cSection, float rcSection = 0) : looks(i), angleOfAttack(0), thrustPercent(0),
     ^
In file included from plane.cpp:1:0:
plane.hpp:32:11: warning: ‘plane::maxThrust’ will be initialized after [-Wreorder]
     float maxThrust;
           ^
plane.hpp:17:11: warning:   ‘float plane::bankAngle’ [-Wreorder]
     float bankAngle;
           ^
In file included from plane.cpp:1:0:
plane.hpp:8:5: warning:   when initialized here [-Wreorder]
     plane(Wireframe i, Point l, float maxPower, float aSize, float eSize, float rSize, float cSection, float rcSection = 0) : looks(i), angleOfAttack(0), thrustPercent(0),
     ^
In file included from plane.cpp:1:0:
plane.hpp:8:430: error: expected ‘{’ at end of input
  rudderSize(rSize), aileronAngle(0), elevatorAngle(0), rudderAngle(0), crosSection(cSection), radarCrossSection(((rcSection == 0) ? (cSection) : (rcSection)), location(l);
                                                                                                                                                                          ^
plane.cpp: At global scope:
plane.cpp:3:1: error: redefinition of ‘plane::plane(Wireframe, Point, float, float, float, float, float, float)’
 plane::plane(Wireframe i, Point l, float maxPower, float aSize, float eSize, float rSize, float cSection, float rcSection = 0) : looks(i), angleOfAttack(0), thrustPercent(
 ^
In file included from plane.cpp:1:0:
plane.hpp:8:5: note: ‘plane::plane(Wireframe, Point, float, float, float, float, float, float)’ previously defined here
     plane(Wireframe i, Point l, float maxPower, float aSize, float eSize, float rSize, float cSection, float rcSection = 0) : looks(i), angleOfAttack(0), thrustPercent(0),
     ^
plane.cpp: In member function ‘void plane::recalculate()’:
plane.cpp:5:32: error: no match for ‘operator*’ (operand types are ‘double’ and ‘Vector’)
   motion = (thrust.magnitude() * thrust + surfaces.magnitude() * surfaces + motion.magnitude() * motion) / (thrust.magnitude() + surfaces.magnitude() + motion.magnitude())
                                ^
plane.cpp:5:64: error: no match for ‘operator*’ (operand types are ‘double’ and ‘Vector’)
   motion = (thrust.magnitude() * thrust + surfaces.magnitude() * surfaces + motion.magnitude() * motion) / (thrust.magnitude() + surfaces.magnitude() + motion.magnitude())
                                                                ^
plane.cpp:5:96: error: no match for ‘operator*’ (operand types are ‘double’ and ‘Vector’)
   motion = (thrust.magnitude() * thrust + surfaces.magnitude() * surfaces + motion.magnitude() * motion) / (thrust.magnitude() + surfaces.magnitude() + motion.magnitude())
                                                                                                ^
Makefile:6: recipe for target 'all' failed
make: *** [all] Error 1
